<?xml version="1.0" encoding="UTF-8"?>
<!-- Generated by org.testng.reporters.JUnitXMLReporter -->
<testsuite hostname="manish-PC" name="Default test" tests="5" failures="0" timestamp="23 Jul 2017 04:36:36 GMT" time="56.251" errors="0">
  <testcase name="Test1" time="9.305" classname="com.testng.exmple.TestAnnotationExp1"/>
  <testcase name="Test2" time="38.563" classname="com.testng.exmple.TestAnnotationExp1"/>
  <testcase name="Test3" time="0.002" classname="com.testng.exmple.TestAnnotationExp1"/>
  <testcase name="Test4" time="0.002" classname="com.testng.exmple.TestAnnotationExp1"/>
  <testcase name="Test5" time="0.001" classname="com.testng.exmple.TestAnnotationExp1"/>
</testsuite> <!-- Default test -->
