<?xml version="1.0" encoding="UTF-8"?>
<testng-results skipped="0" failed="0" ignored="0" total="1" passed="1">
  <reporter-output>
  </reporter-output>
  <suite name="Default suite" duration-ms="24" started-at="2019-03-02T16:02:59Z" finished-at="2019-03-02T16:02:59Z">
    <groups>
    </groups>
    <test name="Default test" duration-ms="24" started-at="2019-03-02T16:02:59Z" finished-at="2019-03-02T16:02:59Z">
      <class name="com.testng.test.TestA">
        <test-method status="PASS" signature="testA1()[pri:0, instance:com.testng.test.TestA@215be6bb]" name="testA1" duration-ms="6" started-at="2019-03-02T16:02:59Z" finished-at="2019-03-02T16:02:59Z">
          <reporter-output>
          </reporter-output>
        </test-method> <!-- testA1 -->
      </class> <!-- com.testng.test.TestA -->
    </test> <!-- Default test -->
  </suite> <!-- Default suite -->
</testng-results>
