<?xml version="1.0" encoding="UTF-8"?>
<testng-results skipped="0" failed="0" ignored="0" total="5" passed="5">
  <reporter-output>
  </reporter-output>
  <suite name="Suite A" duration-ms="59" started-at="2019-03-04T18:15:12Z" finished-at="2019-03-04T18:15:12Z">
    <groups>
    </groups>
    <test name="Test A1" duration-ms="28" started-at="2019-03-04T18:15:12Z" finished-at="2019-03-04T18:15:12Z">
      <class name="com.testing.AppTest">
        <test-method status="PASS" signature="shouldAnswerWithTrue()[pri:0, instance:com.testing.AppTest@783e6358]" name="shouldAnswerWithTrue" duration-ms="5" started-at="2019-03-04T23:45:12Z" finished-at="2019-03-04T23:45:12Z">
          <reporter-output>
          </reporter-output>
        </test-method> <!-- shouldAnswerWithTrue -->
        <test-method status="PASS" signature="shouldAnswerWithTrue2()[pri:0, instance:com.testing.AppTest@783e6358]" name="shouldAnswerWithTrue2" duration-ms="0" started-at="2019-03-04T23:45:12Z" finished-at="2019-03-04T23:45:12Z">
          <reporter-output>
          </reporter-output>
        </test-method> <!-- shouldAnswerWithTrue2 -->
        <test-method status="PASS" signature="shouldAnswerWithTrue3()[pri:0, instance:com.testing.AppTest@783e6358]" name="shouldAnswerWithTrue3" duration-ms="0" started-at="2019-03-04T23:45:12Z" finished-at="2019-03-04T23:45:12Z">
          <reporter-output>
          </reporter-output>
        </test-method> <!-- shouldAnswerWithTrue3 -->
      </class> <!-- com.testing.AppTest -->
    </test> <!-- Test A1 -->
    <test name="Test A2" duration-ms="1" started-at="2019-03-04T18:15:12Z" finished-at="2019-03-04T18:15:12Z">
      <class name="com.testing.RunSeleniumInFirefox">
        <test-method status="PASS" signature="shouldAnswerWithTrue2()[pri:0, instance:com.testing.RunSeleniumInFirefox@3a03464]" name="shouldAnswerWithTrue2" duration-ms="0" started-at="2019-03-04T23:45:12Z" finished-at="2019-03-04T23:45:12Z">
          <reporter-output>
          </reporter-output>
        </test-method> <!-- shouldAnswerWithTrue2 -->
      </class> <!-- com.testing.RunSeleniumInFirefox -->
    </test> <!-- Test A2 -->
    <test name="Test A3" duration-ms="1" started-at="2019-03-04T18:15:12Z" finished-at="2019-03-04T18:15:12Z">
      <class name="com.testing.RunSeleniumInIEBrowser">
        <test-method status="PASS" signature="shouldAnswerWithTrue3()[pri:0, instance:com.testing.RunSeleniumInIEBrowser@6df97b55]" name="shouldAnswerWithTrue3" duration-ms="0" started-at="2019-03-04T23:45:12Z" finished-at="2019-03-04T23:45:12Z">
          <reporter-output>
          </reporter-output>
        </test-method> <!-- shouldAnswerWithTrue3 -->
      </class> <!-- com.testing.RunSeleniumInIEBrowser -->
    </test> <!-- Test A3 -->
  </suite> <!-- Suite A -->
</testng-results>
