<?xml version="1.0" encoding="UTF-8"?>
<!-- Generated by org.testng.reporters.JUnitXMLReporter -->
<testsuite hostname="ICPL12870" ignored="0" name="Test A1" tests="3" failures="0" timestamp="02 Mar 2019 17:31:15 GMT" time="0.027" errors="0">
  <testcase name="shouldAnswerWithTrue" time="0.01" classname="com.testing.AppTest"/>
  <testcase name="shouldAnswerWithTrue2" time="0.001" classname="com.testing.AppTest"/>
  <testcase name="shouldAnswerWithTrue3" time="0.001" classname="com.testing.AppTest"/>
</testsuite> <!-- Test A1 -->
