<?xml version="1.0" encoding="UTF-8"?>
<testng-results skipped="0" failed="0" ignored="0" total="2" passed="2">
  <reporter-output>
  </reporter-output>
  <suite name="Suite1" duration-ms="30" started-at="2019-12-13T19:59:46Z" finished-at="2019-12-13T19:59:46Z">
    <groups>
    </groups>
    <test name="Regression1" duration-ms="30" started-at="2019-12-13T19:59:46Z" finished-at="2019-12-13T19:59:46Z">
      <class name="com.automation.bd.automation_bd.AppTest">
        <test-method status="PASS" signature="AppTest12()[pri:0, instance:com.automation.bd.automation_bd.AppTest@51efea79]" name="AppTest12" duration-ms="8" started-at="2019-12-13T19:59:46Z" finished-at="2019-12-13T19:59:46Z">
          <reporter-output>
          </reporter-output>
        </test-method> <!-- AppTest12 -->
        <test-method status="PASS" signature="AppTest13()[pri:0, instance:com.automation.bd.automation_bd.AppTest@51efea79]" name="AppTest13" duration-ms="1" started-at="2019-12-13T19:59:46Z" finished-at="2019-12-13T19:59:46Z">
          <reporter-output>
          </reporter-output>
        </test-method> <!-- AppTest13 -->
      </class> <!-- com.automation.bd.automation_bd.AppTest -->
    </test> <!-- Regression1 -->
  </suite> <!-- Suite1 -->
</testng-results>
