<?xml version="1.0" encoding="UTF-8"?>
<testng-results skipped="0" failed="0" ignored="0" total="2" passed="2">
  <reporter-output>
  </reporter-output>
  <suite name="Default suite" duration-ms="297" started-at="2019-12-22T07:52:44Z" finished-at="2019-12-22T07:52:44Z">
    <groups>
      <group name="cucumber">
        <method signature="AbstractTestNGCucumberTests.feature(cucumber.api.testng.CucumberFeatureWrapper)[pri:0, instance:com.automationpoint.TestRunner@3ffc5af1]" name="feature" class="cucumber.api.testng.AbstractTestNGCucumberTests"/>
      </group> <!-- cucumber -->
    </groups>
    <test name="Default test" duration-ms="297" started-at="2019-12-22T07:52:44Z" finished-at="2019-12-22T07:52:44Z">
      <class name="com.automationpoint.TestRunner">
        <test-method status="PASS" signature="setUpClass()[pri:0, instance:com.automationpoint.TestRunner@3ffc5af1]" name="setUpClass" is-config="true" duration-ms="148" started-at="2019-12-22T07:52:44Z" finished-at="2019-12-22T07:52:44Z">
          <reporter-output>
          </reporter-output>
        </test-method> <!-- setUpClass -->
        <test-method status="PASS" signature="feature(cucumber.api.testng.CucumberFeatureWrapper)[pri:0, instance:com.automationpoint.TestRunner@3ffc5af1]" name="feature" duration-ms="75" started-at="2019-12-22T07:52:44Z" description="Runs Cucumber Feature" data-provider="features" finished-at="2019-12-22T07:52:44Z">
          <params>
            <param index="0">
              <value>
                <![CDATA[Data table]]>
              </value>
            </param>
          </params>
          <reporter-output>
          </reporter-output>
        </test-method> <!-- feature -->
        <test-method status="PASS" signature="feature(cucumber.api.testng.CucumberFeatureWrapper)[pri:0, instance:com.automationpoint.TestRunner@3ffc5af1]" name="feature" duration-ms="5" started-at="2019-12-22T07:52:44Z" description="Runs Cucumber Feature" data-provider="features" finished-at="2019-12-22T07:52:44Z">
          <params>
            <param index="0">
              <value>
                <![CDATA[Data Table Ex]]>
              </value>
            </param>
          </params>
          <reporter-output>
          </reporter-output>
        </test-method> <!-- feature -->
        <test-method status="PASS" signature="tearDownClass()[pri:0, instance:com.automationpoint.TestRunner@3ffc5af1]" name="tearDownClass" is-config="true" duration-ms="7" started-at="2019-12-22T07:52:44Z" finished-at="2019-12-22T07:52:44Z">
          <reporter-output>
          </reporter-output>
        </test-method> <!-- tearDownClass -->
      </class> <!-- com.automationpoint.TestRunner -->
    </test> <!-- Default test -->
  </suite> <!-- Default suite -->
</testng-results>
