<?xml version="1.0" encoding="UTF-8"?>
<testng-results skipped="0" failed="0" ignored="0" total="2" passed="2">
  <reporter-output>
  </reporter-output>
  <suite name="BDD Test Suite" duration-ms="324" started-at="2019-12-22T08:17:26Z" finished-at="2019-12-22T08:17:26Z">
    <groups>
      <group name="cucumber">
        <method signature="AbstractTestNGCucumberTests.feature(cucumber.api.testng.CucumberFeatureWrapper)[pri:0, instance:com.automationpoint.TestRunner@77b52d12]" name="feature" class="cucumber.api.testng.AbstractTestNGCucumberTests"/>
      </group> <!-- cucumber -->
    </groups>
    <test name="My Tests" duration-ms="324" started-at="2019-12-22T08:17:26Z" finished-at="2019-12-22T08:17:26Z">
      <class name="com.automationpoint.TestRunner">
        <test-method status="PASS" signature="setUpClass()[pri:0, instance:com.automationpoint.TestRunner@77b52d12]" name="setUpClass" is-config="true" duration-ms="166" started-at="2019-12-22T08:17:26Z" finished-at="2019-12-22T08:17:26Z">
          <reporter-output>
          </reporter-output>
        </test-method> <!-- setUpClass -->
        <test-method status="PASS" signature="feature(cucumber.api.testng.CucumberFeatureWrapper)[pri:0, instance:com.automationpoint.TestRunner@77b52d12]" name="feature" duration-ms="74" started-at="2019-12-22T08:17:26Z" description="Runs Cucumber Feature" data-provider="features" finished-at="2019-12-22T08:17:26Z">
          <params>
            <param index="0">
              <value>
                <![CDATA[Data table]]>
              </value>
            </param>
          </params>
          <reporter-output>
          </reporter-output>
        </test-method> <!-- feature -->
        <test-method status="PASS" signature="feature(cucumber.api.testng.CucumberFeatureWrapper)[pri:0, instance:com.automationpoint.TestRunner@77b52d12]" name="feature" duration-ms="3" started-at="2019-12-22T08:17:26Z" description="Runs Cucumber Feature" data-provider="features" finished-at="2019-12-22T08:17:26Z">
          <params>
            <param index="0">
              <value>
                <![CDATA[Data Table Ex]]>
              </value>
            </param>
          </params>
          <reporter-output>
          </reporter-output>
        </test-method> <!-- feature -->
        <test-method status="PASS" signature="tearDownClass()[pri:0, instance:com.automationpoint.TestRunner@77b52d12]" name="tearDownClass" is-config="true" duration-ms="6" started-at="2019-12-22T08:17:26Z" finished-at="2019-12-22T08:17:26Z">
          <reporter-output>
          </reporter-output>
        </test-method> <!-- tearDownClass -->
      </class> <!-- com.automationpoint.TestRunner -->
    </test> <!-- My Tests -->
  </suite> <!-- BDD Test Suite -->
</testng-results>
