<?xml version="1.0" encoding="UTF-8"?>
<!-- Generated by org.testng.reporters.JUnitXMLReporter -->
<testsuite hostname="manish-PC" name="Simple example" tests="3" failures="0" timestamp="14 May 2017 10:46:46 GMT" time="0.04" errors="0">
  <testcase name="testMethod1" time="0.01" classname="com.testng.exmple.Groupexp1"/>
  <testcase name="testMethod2" time="0.0" classname="com.testng.exmple.Groupexp1"/>
  <testcase name="testMethod3" time="0.0" classname="com.testng.exmple.Groupexp1"/>
</testsuite> <!-- Simple example -->
